{"C:\\Users\\peropero\\Desktop\\job\\jestTest\\jestDemo\\src\\math.js": {"path":"C:\\Users\\peropero\\Desktop\\job\\jestTest\\jestDemo\\src\\math.js","statementMap":{"0":{"start":{"line":1,"column":12},"end":{"line":1,"column":22}},"1":{"start":{"line":1,"column":19},"end":{"line":1,"column":22}},"2":{"start":{"line":3,"column":0},"end":{"line":3,"column":23}}},"fnMap":{"0":{"name":"(anonymous_0)","decl":{"start":{"line":1,"column":12},"end":{"line":1,"column":13}},"loc":{"start":{"line":1,"column":19},"end":{"line":1,"column":22}},"line":1}},"branchMap":{},"s":{"0":1,"1":1,"2":1},"f":{"0":1},"b":{},"_coverageSchema":"1a1c01bbd47fc00a2c39e90264f33305004495a9","hash":"d7f4ae950ca90a1b299d454428b79d3e3ac7d827"}
,"C:\\Users\\peropero\\Desktop\\job\\jestTest\\jestDemo\\src\\searchName.js": {"path":"C:\\Users\\peropero\\Desktop\\job\\jestTest\\jestDemo\\src\\searchName.js","statementMap":{"0":{"start":{"line":4,"column":20},"end":{"line":9,"column":1}},"1":{"start":{"line":5,"column":20},"end":{"line":7,"column":6}},"2":{"start":{"line":6,"column":8},"end":{"line":6,"column":66}},"3":{"start":{"line":8,"column":4},"end":{"line":8,"column":55}}},"fnMap":{"0":{"name":"(anonymous_0)","decl":{"start":{"line":4,"column":20},"end":{"line":4,"column":21}},"loc":{"start":{"line":4,"column":31},"end":{"line":9,"column":1}},"line":4},"1":{"name":"(anonymous_1)","decl":{"start":{"line":5,"column":47},"end":{"line":5,"column":48}},"loc":{"start":{"line":5,"column":55},"end":{"line":7,"column":5}},"line":5}},"branchMap":{"0":{"loc":{"start":{"line":8,"column":11},"end":{"line":8,"column":54}},"type":"cond-expr","locations":[{"start":{"line":8,"column":28},"end":{"line":8,"column":46}},{"start":{"line":8,"column":47},"end":{"line":8,"column":54}}],"line":8}},"s":{"0":1,"1":6,"2":12,"3":6},"f":{"0":6,"1":12},"b":{"0":[1,5]},"_coverageSchema":"1a1c01bbd47fc00a2c39e90264f33305004495a9","hash":"1fb9d0701d1078567b8ef51257ac3f7b26341018"}
}
